19:59:12 INFO  : Registering command handlers for SDK TCF services
19:59:13 INFO  : Launching XSCT server: xsct.bat -interactive F:\FPGA\project\Vivado\Filter2D\image_process.sdk\temp_xsdb_launch_script.tcl
19:59:16 INFO  : XSCT server has started successfully.
19:59:16 INFO  : Successfully done setting XSCT server connection channel  
19:59:18 INFO  : Successfully done setting SDK workspace  
19:59:18 INFO  : Processing command line option -hwspec F:/FPGA/project/Vivado/Filter2D/image_process.sdk/design_1_wrapper.hdf.
20:07:48 INFO  : 'targets -set -filter {jtag_cable_name =~ "Digilent NetFPGA-SUME 210301762980A" && level==0} -index 0' command is executed.
20:07:48 INFO  : 'fpga -state' command is executed.
20:07:48 INFO  : Connected to target on host '127.0.0.1' and port '3121'.
20:07:48 INFO  : Jtag cable 'Digilent NetFPGA-SUME 210301762980A' is selected.
20:07:48 INFO  : 'jtag frequency' command is executed.
20:07:48 INFO  : 'configparams mdm-detect-bscan-mask 2' command is executed.
20:07:48 INFO  : Context for processor 'microblaze_0' is selected.
20:07:48 INFO  : Processor reset is completed for 'microblaze_0'.
20:07:48 INFO  : Context for processor 'microblaze_0' is selected.
20:07:49 INFO  : The application 'F:/FPGA/project/Vivado/Filter2D/image_process.sdk/test/Debug/test.elf' is downloaded to processor 'microblaze_0'.
20:07:49 INFO  : ----------------XSDB Script----------------
connect -url tcp:127.0.0.1:3121
configparams mdm-detect-bscan-mask 2
targets -set -nocase -filter {name =~ "microblaze*#0" && bscan=="USER2"  && jtag_cable_name =~ "Digilent NetFPGA-SUME 210301762980A"} -index 0
rst -processor
targets -set -nocase -filter {name =~ "microblaze*#0" && bscan=="USER2"  && jtag_cable_name =~ "Digilent NetFPGA-SUME 210301762980A"} -index 0
dow F:/FPGA/project/Vivado/Filter2D/image_process.sdk/test/Debug/test.elf
----------------End of Script----------------

20:07:49 INFO  : Context for processor 'microblaze_0' is selected.
20:07:49 INFO  : 'con' command is executed.
20:07:49 INFO  : ----------------XSDB Script (After Launch)----------------
targets -set -nocase -filter {name =~ "microblaze*#0" && bscan=="USER2"  && jtag_cable_name =~ "Digilent NetFPGA-SUME 210301762980A"} -index 0
con
----------------End of Script----------------

20:07:49 INFO  : Disconnected from the channel tcfchan#1.
20:08:33 INFO  : 'targets -set -filter {jtag_cable_name =~ "Digilent NetFPGA-SUME 210301762980A" && level==0} -index 0' command is executed.
20:08:33 INFO  : 'fpga -state' command is executed.
20:08:33 INFO  : Connected to target on host '127.0.0.1' and port '3121'.
20:08:34 INFO  : Jtag cable 'Digilent NetFPGA-SUME 210301762980A' is selected.
20:08:34 INFO  : 'jtag frequency' command is executed.
20:08:34 INFO  : 'configparams mdm-detect-bscan-mask 2' command is executed.
20:08:34 INFO  : Context for processor 'microblaze_0' is selected.
20:08:34 INFO  : Processor reset is completed for 'microblaze_0'.
20:08:34 INFO  : Context for processor 'microblaze_0' is selected.
20:08:34 INFO  : The application 'F:/FPGA/project/Vivado/Filter2D/image_process.sdk/test/Debug/test.elf' is downloaded to processor 'microblaze_0'.
20:08:34 INFO  : ----------------XSDB Script----------------
connect -url tcp:127.0.0.1:3121
configparams mdm-detect-bscan-mask 2
targets -set -nocase -filter {name =~ "microblaze*#0" && bscan=="USER2"  && jtag_cable_name =~ "Digilent NetFPGA-SUME 210301762980A"} -index 0
rst -processor
targets -set -nocase -filter {name =~ "microblaze*#0" && bscan=="USER2"  && jtag_cable_name =~ "Digilent NetFPGA-SUME 210301762980A"} -index 0
dow F:/FPGA/project/Vivado/Filter2D/image_process.sdk/test/Debug/test.elf
----------------End of Script----------------

20:08:35 INFO  : Context for processor 'microblaze_0' is selected.
20:08:35 INFO  : 'con' command is executed.
20:08:35 INFO  : ----------------XSDB Script (After Launch)----------------
targets -set -nocase -filter {name =~ "microblaze*#0" && bscan=="USER2"  && jtag_cable_name =~ "Digilent NetFPGA-SUME 210301762980A"} -index 0
con
----------------End of Script----------------

20:08:35 INFO  : Disconnected from the channel tcfchan#2.
20:12:32 INFO  : 'targets -set -filter {jtag_cable_name =~ "Digilent NetFPGA-SUME 210301762980A" && level==0} -index 0' command is executed.
20:12:32 INFO  : 'fpga -state' command is executed.
20:12:32 INFO  : Connected to target on host '127.0.0.1' and port '3121'.
20:12:32 INFO  : Jtag cable 'Digilent NetFPGA-SUME 210301762980A' is selected.
20:12:32 INFO  : 'jtag frequency' command is executed.
20:12:32 INFO  : 'configparams mdm-detect-bscan-mask 2' command is executed.
20:12:32 INFO  : Context for processor 'microblaze_0' is selected.
20:12:32 INFO  : Processor reset is completed for 'microblaze_0'.
20:12:32 INFO  : Context for processor 'microblaze_0' is selected.
20:12:33 INFO  : The application 'F:/FPGA/project/Vivado/Filter2D/image_process.sdk/test/Debug/test.elf' is downloaded to processor 'microblaze_0'.
20:12:33 INFO  : ----------------XSDB Script----------------
connect -url tcp:127.0.0.1:3121
configparams mdm-detect-bscan-mask 2
targets -set -nocase -filter {name =~ "microblaze*#0" && bscan=="USER2"  && jtag_cable_name =~ "Digilent NetFPGA-SUME 210301762980A"} -index 0
rst -processor
targets -set -nocase -filter {name =~ "microblaze*#0" && bscan=="USER2"  && jtag_cable_name =~ "Digilent NetFPGA-SUME 210301762980A"} -index 0
dow F:/FPGA/project/Vivado/Filter2D/image_process.sdk/test/Debug/test.elf
----------------End of Script----------------

20:12:33 INFO  : Context for processor 'microblaze_0' is selected.
20:12:33 INFO  : 'con' command is executed.
20:12:33 INFO  : ----------------XSDB Script (After Launch)----------------
targets -set -nocase -filter {name =~ "microblaze*#0" && bscan=="USER2"  && jtag_cable_name =~ "Digilent NetFPGA-SUME 210301762980A"} -index 0
con
----------------End of Script----------------

20:12:33 INFO  : Disconnected from the channel tcfchan#3.
19:11:55 INFO  : Registering command handlers for SDK TCF services
19:11:56 INFO  : Launching XSCT server: xsct.bat -interactive F:\FPGA\project\Vivado\Filter2D\image_process.sdk\temp_xsdb_launch_script.tcl
19:11:59 INFO  : XSCT server has started successfully.
19:11:59 INFO  : Successfully done setting XSCT server connection channel  
19:11:59 INFO  : Successfully done setting SDK workspace  
19:11:59 INFO  : Processing command line option -hwspec F:/FPGA/project/Vivado/Filter2D/image_process.sdk/design_1_wrapper.hdf.
19:11:59 INFO  : Checking for hwspec changes in the project design_1_wrapper_hw_platform_0.
19:14:11 INFO  : 'targets -set -filter {jtag_cable_name =~ "Digilent NetFPGA-SUME 210301762980A" && level==0} -index 0' command is executed.
19:14:11 INFO  : 'fpga -state' command is executed.
19:14:11 INFO  : Connected to target on host '127.0.0.1' and port '3121'.
19:14:12 INFO  : Jtag cable 'Digilent NetFPGA-SUME 210301762980A' is selected.
19:14:12 INFO  : 'jtag frequency' command is executed.
19:14:12 INFO  : 'configparams mdm-detect-bscan-mask 2' command is executed.
19:14:12 INFO  : Context for processor 'microblaze_0' is selected.
19:14:12 INFO  : Processor reset is completed for 'microblaze_0'.
19:14:12 INFO  : Context for processor 'microblaze_0' is selected.
19:14:12 INFO  : The application 'F:/FPGA/project/Vivado/Filter2D/image_process.sdk/test/Debug/test.elf' is downloaded to processor 'microblaze_0'.
19:14:12 INFO  : ----------------XSDB Script----------------
connect -url tcp:127.0.0.1:3121
configparams mdm-detect-bscan-mask 2
targets -set -nocase -filter {name =~ "microblaze*#0" && bscan=="USER2"  && jtag_cable_name =~ "Digilent NetFPGA-SUME 210301762980A"} -index 0
rst -processor
targets -set -nocase -filter {name =~ "microblaze*#0" && bscan=="USER2"  && jtag_cable_name =~ "Digilent NetFPGA-SUME 210301762980A"} -index 0
dow F:/FPGA/project/Vivado/Filter2D/image_process.sdk/test/Debug/test.elf
----------------End of Script----------------

19:14:12 INFO  : Context for processor 'microblaze_0' is selected.
19:14:12 INFO  : 'con' command is executed.
19:14:12 INFO  : ----------------XSDB Script (After Launch)----------------
targets -set -nocase -filter {name =~ "microblaze*#0" && bscan=="USER2"  && jtag_cable_name =~ "Digilent NetFPGA-SUME 210301762980A"} -index 0
con
----------------End of Script----------------

19:14:12 INFO  : Disconnected from the channel tcfchan#1.
19:15:34 INFO  : 'targets -set -filter {jtag_cable_name =~ "Digilent NetFPGA-SUME 210301762980A" && level==0} -index 0' command is executed.
19:15:34 INFO  : 'fpga -state' command is executed.
19:15:34 INFO  : Connected to target on host '127.0.0.1' and port '3121'.
19:15:35 INFO  : Jtag cable 'Digilent NetFPGA-SUME 210301762980A' is selected.
19:15:35 INFO  : 'jtag frequency' command is executed.
19:15:35 INFO  : 'configparams mdm-detect-bscan-mask 2' command is executed.
19:15:35 INFO  : Context for processor 'microblaze_0' is selected.
19:15:35 INFO  : Processor reset is completed for 'microblaze_0'.
19:15:35 INFO  : Context for processor 'microblaze_0' is selected.
19:15:35 INFO  : The application 'F:/FPGA/project/Vivado/Filter2D/image_process.sdk/test/Debug/test.elf' is downloaded to processor 'microblaze_0'.
19:15:35 INFO  : ----------------XSDB Script----------------
connect -url tcp:127.0.0.1:3121
configparams mdm-detect-bscan-mask 2
targets -set -nocase -filter {name =~ "microblaze*#0" && bscan=="USER2"  && jtag_cable_name =~ "Digilent NetFPGA-SUME 210301762980A"} -index 0
rst -processor
targets -set -nocase -filter {name =~ "microblaze*#0" && bscan=="USER2"  && jtag_cable_name =~ "Digilent NetFPGA-SUME 210301762980A"} -index 0
dow F:/FPGA/project/Vivado/Filter2D/image_process.sdk/test/Debug/test.elf
----------------End of Script----------------

19:15:35 INFO  : Context for processor 'microblaze_0' is selected.
19:15:35 INFO  : 'con' command is executed.
19:15:35 INFO  : ----------------XSDB Script (After Launch)----------------
targets -set -nocase -filter {name =~ "microblaze*#0" && bscan=="USER2"  && jtag_cable_name =~ "Digilent NetFPGA-SUME 210301762980A"} -index 0
con
----------------End of Script----------------

19:15:35 INFO  : Disconnected from the channel tcfchan#2.
19:15:48 INFO  : 'targets -set -filter {jtag_cable_name =~ "Digilent NetFPGA-SUME 210301762980A" && level==0} -index 0' command is executed.
19:15:48 INFO  : 'fpga -state' command is executed.
19:15:48 INFO  : Connected to target on host '127.0.0.1' and port '3121'.
19:15:48 INFO  : Jtag cable 'Digilent NetFPGA-SUME 210301762980A' is selected.
19:15:48 INFO  : 'jtag frequency' command is executed.
19:15:48 INFO  : 'configparams mdm-detect-bscan-mask 2' command is executed.
19:15:48 INFO  : Context for processor 'microblaze_0' is selected.
19:15:48 INFO  : Processor reset is completed for 'microblaze_0'.
19:15:48 INFO  : Context for processor 'microblaze_0' is selected.
19:15:49 INFO  : The application 'F:/FPGA/project/Vivado/Filter2D/image_process.sdk/test/Debug/test.elf' is downloaded to processor 'microblaze_0'.
19:15:49 INFO  : ----------------XSDB Script----------------
connect -url tcp:127.0.0.1:3121
configparams mdm-detect-bscan-mask 2
targets -set -nocase -filter {name =~ "microblaze*#0" && bscan=="USER2"  && jtag_cable_name =~ "Digilent NetFPGA-SUME 210301762980A"} -index 0
rst -processor
targets -set -nocase -filter {name =~ "microblaze*#0" && bscan=="USER2"  && jtag_cable_name =~ "Digilent NetFPGA-SUME 210301762980A"} -index 0
dow F:/FPGA/project/Vivado/Filter2D/image_process.sdk/test/Debug/test.elf
----------------End of Script----------------

19:15:49 INFO  : Context for processor 'microblaze_0' is selected.
19:15:49 INFO  : 'con' command is executed.
19:15:49 INFO  : ----------------XSDB Script (After Launch)----------------
targets -set -nocase -filter {name =~ "microblaze*#0" && bscan=="USER2"  && jtag_cable_name =~ "Digilent NetFPGA-SUME 210301762980A"} -index 0
con
----------------End of Script----------------

19:15:49 INFO  : Disconnected from the channel tcfchan#3.
19:16:40 INFO  : 'targets -set -filter {jtag_cable_name =~ "Digilent NetFPGA-SUME 210301762980A" && level==0} -index 0' command is executed.
19:16:40 INFO  : 'fpga -state' command is executed.
19:16:40 INFO  : Connected to target on host '127.0.0.1' and port '3121'.
19:16:40 INFO  : Jtag cable 'Digilent NetFPGA-SUME 210301762980A' is selected.
19:16:40 INFO  : 'jtag frequency' command is executed.
19:16:40 INFO  : 'configparams mdm-detect-bscan-mask 2' command is executed.
19:16:40 INFO  : Context for processor 'microblaze_0' is selected.
19:16:40 INFO  : Processor reset is completed for 'microblaze_0'.
19:16:40 INFO  : Context for processor 'microblaze_0' is selected.
19:16:41 INFO  : The application 'F:/FPGA/project/Vivado/Filter2D/image_process.sdk/test/Debug/test.elf' is downloaded to processor 'microblaze_0'.
19:16:41 INFO  : ----------------XSDB Script----------------
connect -url tcp:127.0.0.1:3121
configparams mdm-detect-bscan-mask 2
targets -set -nocase -filter {name =~ "microblaze*#0" && bscan=="USER2"  && jtag_cable_name =~ "Digilent NetFPGA-SUME 210301762980A"} -index 0
rst -processor
targets -set -nocase -filter {name =~ "microblaze*#0" && bscan=="USER2"  && jtag_cable_name =~ "Digilent NetFPGA-SUME 210301762980A"} -index 0
dow F:/FPGA/project/Vivado/Filter2D/image_process.sdk/test/Debug/test.elf
----------------End of Script----------------

19:16:41 INFO  : Context for processor 'microblaze_0' is selected.
19:16:41 INFO  : 'con' command is executed.
19:16:41 INFO  : ----------------XSDB Script (After Launch)----------------
targets -set -nocase -filter {name =~ "microblaze*#0" && bscan=="USER2"  && jtag_cable_name =~ "Digilent NetFPGA-SUME 210301762980A"} -index 0
con
----------------End of Script----------------

19:16:41 INFO  : Disconnected from the channel tcfchan#4.
