

================================================================
== Vivado HLS Report for 'Array2D2Mat'
================================================================
* Date:           Fri Nov 23 08:52:20 2018

* Version:        2018.2 (Build 2258646 on Thu Jun 14 20:25:20 MDT 2018)
* Project:        PCIE_Rotate
* Solution:       solution1
* Product family: virtex7
* Target device:  xc7vx690tffg1761-3


================================================================
== Performance Estimates
================================================================
+ Timing (ns): 
    * Summary: 
    +--------+-------+----------+------------+
    |  Clock | Target| Estimated| Uncertainty|
    +--------+-------+----------+------------+
    |ap_clk  |  10.00|     6.098|        1.25|
    +--------+-------+----------+------------+

+ Latency (clock cycles): 
    * Summary: 
    +-----+-------+-----+-------+---------+
    |   Latency   |   Interval  | Pipeline|
    | min |  max  | min |  max  |   Type  |
    +-----+-------+-----+-------+---------+
    |    1|  66564|    1|  66564|   none  |
    +-----+-------+-----+-------+---------+

    + Detail: 
        * Instance: 
        N/A

        * Loop: 
        +-------------+-----+-------+----------+-----------+-----------+---------+----------+
        |             |   Latency   | Iteration|  Initiation Interval  |   Trip  |          |
        |  Loop Name  | min |  max  |  Latency |  achieved |   target  |  Count  | Pipelined|
        +-------------+-----+-------+----------+-----------+-----------+---------+----------+
        |- Loop 1     |    0|  66563|  3 ~ 259 |          -|          -| 0 ~ 257 |    no    |
        | + Loop 1.1  |    0|    256|         2|          1|          1| 0 ~ 256 |    yes   |
        +-------------+-----+-------+----------+-----------+-----------+---------+----------+



================================================================
== Utilization Estimates
================================================================
* Summary: 
+-----------------+---------+-------+--------+--------+
|       Name      | BRAM_18K| DSP48E|   FF   |   LUT  |
+-----------------+---------+-------+--------+--------+
|DSP              |        -|      -|       -|       -|
|Expression       |        -|      -|       0|     662|
|FIFO             |        -|      -|       -|       -|
|Instance         |        -|      -|       -|       -|
|Memory           |        -|      -|       -|       -|
|Multiplexer      |        -|      -|       -|     141|
|Register         |        -|      -|     249|       -|
+-----------------+---------+-------+--------+--------+
|Total            |        0|      0|     249|     803|
+-----------------+---------+-------+--------+--------+
|Available        |     2940|   3600|  866400|  433200|
+-----------------+---------+-------+--------+--------+
|Utilization (%)  |        0|      0|   ~0   |   ~0   |
+-----------------+---------+-------+--------+--------+

+ Detail: 
    * Instance: 
    N/A

    * DSP48: 
    N/A

    * Memory: 
    N/A

    * FIFO: 
    N/A

    * Expression: 
    +----------------------------------+----------+-------+---+----+------------+------------+
    |           Variable Name          | Operation| DSP48E| FF| LUT| Bitwidth P0| Bitwidth P1|
    +----------------------------------+----------+-------+---+----+------------+------------+
    |i_fu_191_p2                       |     +    |      0|  0|  38|          31|           1|
    |idx_fu_314_p2                     |     +    |      0|  0|  39|          32|           1|
    |j_fu_230_p2                       |     +    |      0|  0|  38|          31|           1|
    |mat_rows_V_din                    |     +    |      0|  0|  39|          32|           1|
    |offset_fu_320_p2                  |     +    |      0|  0|  39|          32|           1|
    |tmp_78_fu_207_p2                  |     +    |      0|  0|  17|           2|          10|
    |tmp_s_fu_262_p2                   |     +    |      0|  0|  25|          18|          18|
    |ap_block_pp0_stage0_01001         |    and   |      0|  0|   2|           1|           1|
    |ap_block_state4_pp0_stage0_iter1  |    and   |      0|  0|   2|           1|           1|
    |sel_tmp_fu_342_p2                 |    and   |      0|  0|   2|           1|           1|
    |icmp_fu_252_p2                    |   icmp   |      0|  0|  18|          31|           1|
    |tmp_65_i_fu_197_p2                |   icmp   |      0|  0|  18|          31|           1|
    |tmp_68_i_fu_225_p2                |   icmp   |      0|  0|  18|          32|          32|
    |tmp_72_i_fu_308_p2                |   icmp   |      0|  0|  18|          32|           2|
    |tmp_i_fu_186_p2                   |   icmp   |      0|  0|  18|          32|          32|
    |tmp_85_fu_298_p2                  |   lshr   |      0|  0|  85|          32|          32|
    |ap_block_state1                   |    or    |      0|  0|   2|           1|           1|
    |idx_4_fu_326_p3                   |  select  |      0|  0|  32|           1|          32|
    |idx_5_fu_355_p3                   |  select  |      0|  0|  32|           1|          32|
    |idx_6_fu_363_p3                   |  select  |      0|  0|  32|           1|          32|
    |mat_data_stream_V_din             |  select  |      0|  0|   8|           1|           8|
    |offset_4_fu_334_p3                |  select  |      0|  0|  32|           1|           1|
    |offset_5_fu_370_p3                |  select  |      0|  0|  32|           1|          32|
    |offset_6_fu_378_p3                |  select  |      0|  0|  32|           1|          32|
    |p_Val2_s_fu_276_p3                |  select  |      0|  0|  32|           1|          32|
    |pix_val_0_2_fu_347_p3             |  select  |      0|  0|   8|           1|           8|
    |ap_enable_pp0                     |    xor   |      0|  0|   2|           1|           2|
    |ap_enable_reg_pp0_iter1           |    xor   |      0|  0|   2|           2|           1|
    +----------------------------------+----------+-------+---+----+------------+------------+
    |Total                             |          |      0|  0| 662|         384|         349|
    +----------------------------------+----------+-------+---+----+------------+------------+

    * Multiplexer: 
    +-------------------------+----+-----------+-----+-----------+
    |           Name          | LUT| Input Size| Bits| Total Bits|
    +-------------------------+----+-----------+-----+-----------+
    |ap_NS_fsm                |  27|          5|    1|          5|
    |ap_done                  |   9|          2|    1|          2|
    |ap_enable_reg_pp0_iter1  |  15|          3|    1|          3|
    |arr_cols_blk_n           |   9|          2|    1|          2|
    |arr_rows_blk_n           |   9|          2|    1|          2|
    |i_i_reg_143              |   9|          2|   31|         62|
    |idx_3_fu_80              |   9|          2|   32|         64|
    |j_i_reg_154              |   9|          2|   31|         62|
    |mat_cols_V_blk_n         |   9|          2|    1|          2|
    |mat_data_stream_V_blk_n  |   9|          2|    1|          2|
    |mat_rows_V_blk_n         |   9|          2|    1|          2|
    |offset_3_fu_76           |   9|          2|   32|         64|
    |real_start               |   9|          2|    1|          2|
    +-------------------------+----+-----------+-----+-----------+
    |Total                    | 141|         30|  135|        274|
    +-------------------------+----+-----------+-----+-----------+

    * Register: 
    +-------------------------+----+----+-----+-----------+
    |           Name          | FF | LUT| Bits| Const Bits|
    +-------------------------+----+----+-----+-----------+
    |ap_CS_fsm                |   4|   0|    4|          0|
    |ap_done_reg              |   1|   0|    1|          0|
    |ap_enable_reg_pp0_iter0  |   1|   0|    1|          0|
    |ap_enable_reg_pp0_iter1  |   1|   0|    1|          0|
    |cols_reg_426             |  32|   0|   32|          0|
    |i_i_reg_143              |  31|   0|   31|          0|
    |i_reg_440                |  31|   0|   31|          0|
    |idx_3_fu_80              |  32|   0|   32|          0|
    |j_i_reg_154              |  31|   0|   31|          0|
    |offset_3_fu_76           |  32|   0|   32|          0|
    |pix_val_0_2_reg_472      |   8|   0|    8|          0|
    |start_once_reg           |   1|   0|    1|          0|
    |tmp_38_cast_reg_453      |  10|   0|   18|          8|
    |tmp_65_i_reg_445         |   1|   0|    1|          0|
    |tmp_68_i_reg_458         |   1|   0|    1|          0|
    |val_assign_reg_431       |  32|   0|   32|          0|
    +-------------------------+----+----+-----+-----------+
    |Total                    | 249|   0|  257|          8|
    +-------------------------+----+----+-----+-----------+



================================================================
== Interface
================================================================
* Summary: 
+--------------------------+-----+-----+------------+--------------------+--------------+
|         RTL Ports        | Dir | Bits|  Protocol  |    Source Object   |    C Type    |
+--------------------------+-----+-----+------------+--------------------+--------------+
|ap_clk                    |  in |    1| ap_ctrl_hs |     Array2D2Mat    | return value |
|ap_rst                    |  in |    1| ap_ctrl_hs |     Array2D2Mat    | return value |
|ap_start                  |  in |    1| ap_ctrl_hs |     Array2D2Mat    | return value |
|start_full_n              |  in |    1| ap_ctrl_hs |     Array2D2Mat    | return value |
|ap_done                   | out |    1| ap_ctrl_hs |     Array2D2Mat    | return value |
|ap_continue               |  in |    1| ap_ctrl_hs |     Array2D2Mat    | return value |
|ap_idle                   | out |    1| ap_ctrl_hs |     Array2D2Mat    | return value |
|ap_ready                  | out |    1| ap_ctrl_hs |     Array2D2Mat    | return value |
|start_out                 | out |    1| ap_ctrl_hs |     Array2D2Mat    | return value |
|start_write               | out |    1| ap_ctrl_hs |     Array2D2Mat    | return value |
|arr_val_address0          | out |   16|  ap_memory |       arr_val      |     array    |
|arr_val_ce0               | out |    1|  ap_memory |       arr_val      |     array    |
|arr_val_q0                |  in |    8|  ap_memory |       arr_val      |     array    |
|arr_rows_dout             |  in |   32|   ap_fifo  |      arr_rows      |    pointer   |
|arr_rows_empty_n          |  in |    1|   ap_fifo  |      arr_rows      |    pointer   |
|arr_rows_read             | out |    1|   ap_fifo  |      arr_rows      |    pointer   |
|arr_cols_dout             |  in |   32|   ap_fifo  |      arr_cols      |    pointer   |
|arr_cols_empty_n          |  in |    1|   ap_fifo  |      arr_cols      |    pointer   |
|arr_cols_read             | out |    1|   ap_fifo  |      arr_cols      |    pointer   |
|param_val_0_V_read        |  in |   32|   ap_none  | param_val_0_V_read |    scalar    |
|param_val_1_V_read        |  in |   32|   ap_none  | param_val_1_V_read |    scalar    |
|mat_data_stream_V_din     | out |    8|   ap_fifo  |  mat_data_stream_V |    pointer   |
|mat_data_stream_V_full_n  |  in |    1|   ap_fifo  |  mat_data_stream_V |    pointer   |
|mat_data_stream_V_write   | out |    1|   ap_fifo  |  mat_data_stream_V |    pointer   |
|mat_rows_V_din            | out |   32|   ap_fifo  |     mat_rows_V     |    pointer   |
|mat_rows_V_full_n         |  in |    1|   ap_fifo  |     mat_rows_V     |    pointer   |
|mat_rows_V_write          | out |    1|   ap_fifo  |     mat_rows_V     |    pointer   |
|mat_cols_V_din            | out |   32|   ap_fifo  |     mat_cols_V     |    pointer   |
|mat_cols_V_full_n         |  in |    1|   ap_fifo  |     mat_cols_V     |    pointer   |
|mat_cols_V_write          | out |    1|   ap_fifo  |     mat_cols_V     |    pointer   |
+--------------------------+-----+-----+------------+--------------------+--------------+

